Removed Pin From Net: NetName=NetC2_2 Pin=R-PU-1-1
Removed Pin From Net: NetName=NetESP-Sink_3 Pin=R-PU-1-2
Removed Pin From Net: NetName=NetC2_2 Pin=R-PU-2-1
Removed Pin From Net: NetName=NetESP-Source_3 Pin=R-PU-2-2
Removed Pin From Net: NetName=GND Pin=SW-Denoise-A'
Removed Pin From Net: NetName=GND Pin=SW-Denoise-A
Removed Pin From Net: NetName=GND Pin=SW-EN-Sink-A'
Removed Pin From Net: NetName=GND Pin=SW-EN-Sink-A
Removed Pin From Net: NetName=NetESP-Sink_3 Pin=SW-EN-Sink-B'
Removed Pin From Net: NetName=NetESP-Sink_3 Pin=SW-EN-Sink-B
Removed Pin From Net: NetName=GND Pin=SW-EN-Source-A'
Removed Pin From Net: NetName=GND Pin=SW-EN-Source-A
Removed Pin From Net: NetName=NetESP-Source_3 Pin=SW-EN-Source-B'
Removed Pin From Net: NetName=NetESP-Source_3 Pin=SW-EN-Source-B
Removed Pin From Net: NetName=GND Pin=SW-Reset-Code-A'
Removed Pin From Net: NetName=GND Pin=SW-Reset-Code-A
Removed Pin From Net: NetName=NetC2_2 Pin=UART-9
Removed Member From Class: ClassName=Schematic1.2 Member=R-PU-1
Removed Member From Class: ClassName=Schematic1.2 Member=R-PU-2
Added Component: Designator=R-Rst(RESC1608X55X25LL10T15)
Add component (AddParameter): Name = "Case Code - in"; Value = "0603"; VariantName = "[No Variations]"
Add component (AddParameter): Name = "Case Code - mm"; Value = "1608"; VariantName = "[No Variations]"
Add component (AddParameter): Name = "Datasheet URL"; Value = "http://www.yageo.com/documents/recent/PYu-RC_Group_51_RoHS_L_7.pdf"; VariantName = "[No Variations]"
Add component (AddParameter): Name = "Datasheet Version"; Value = "Rev. 7, 05/2017"; VariantName = "[No Variations]"
Add component (AddParameter): Name = "Manufacturer"; Value = "Yageo"; VariantName = "[No Variations]"
Add component (AddParameter): Name = "Manufacturer URL"; Value = "http://www.yageo.com/"; VariantName = "[No Variations]"
Add component (AddParameter): Name = "Mounting Technology"; Value = "SurfaceMount"; VariantName = "[No Variations]"
Add component (AddParameter): Name = "Operating Temperature Range"; Value = "-55Cto+155C"; VariantName = "[No Variations]"
Add component (AddParameter): Name = "Package Description"; Value = "2-Pin Surface Mount Device, Body 1.6 x 0.8 mm"; VariantName = "[No Variations]"
Add component (AddParameter): Name = "Package Reference"; Value = "0603"; VariantName = "[No Variations]"
Add component (AddParameter): Name = "Packaging"; Value = "Reel"; VariantName = "[No Variations]"
Add component (AddParameter): Name = "Power Rating"; Value = "100mW"; VariantName = "[No Variations]"
Add component (AddParameter): Name = "Product"; Value = "ThickFilmResistorsGeneralPurpose"; VariantName = "[No Variations]"
Add component (AddParameter): Name = "Resistance"; Value = "4.7kOhms"; VariantName = "[No Variations]"
Add component (AddParameter): Name = "Series"; Value = "RC"; VariantName = "[No Variations]"
Add component (AddParameter): Name = "Temperature Coefficient"; Value = "100PPM/C"; VariantName = "[No Variations]"
Add component (AddParameter): Name = "Termination Style"; Value = "SMD/SMT"; VariantName = "[No Variations]"
Add component (AddParameter): Name = "Tolerance"; Value = "1%"; VariantName = "[No Variations]"
Add component (AddParameter): Name = "Voltage Rating"; Value = "50V"; VariantName = "[No Variations]"
Added Pin To Net: NetName=NetC2_2 Pin=R-Rst-2
Added Pin To Net: NetName=NetC2_2 Pin=SW-Denoise-A'
Added Pin To Net: NetName=NetC2_2 Pin=SW-Denoise-A
Added Pin To Net: NetName=NetESP-Sink_3 Pin=SW-EN-Sink-A'
Added Pin To Net: NetName=NetESP-Sink_3 Pin=SW-EN-Sink-A
Added Pin To Net: NetName=NetC2_2 Pin=SW-EN-Sink-B'
Added Pin To Net: NetName=NetC2_2 Pin=SW-EN-Sink-B
Added Pin To Net: NetName=NetESP-Source_3 Pin=SW-EN-Source-A'
Added Pin To Net: NetName=NetESP-Source_3 Pin=SW-EN-Source-A
Added Pin To Net: NetName=NetC2_2 Pin=SW-EN-Source-B'
Added Pin To Net: NetName=NetC2_2 Pin=SW-EN-Source-B
Added Pin To Net: NetName=NetC2_2 Pin=SW-Reset-Code-A'
Added Pin To Net: NetName=NetC2_2 Pin=SW-Reset-Code-A
Added Pin To Net: NetName=NetR-Rst_1 Pin=R-Rst-1
Added Pin To Net: NetName=NetR-Rst_1 Pin=UART-9
Added Net: Name=NetR-Rst_1
Added Member To Class: ClassName=Schematic1.2 Member=Component R-Rst RC0603FR-074K7L
